c:\users\ranveer\desktop\file-exchange-projectv12.2\workspace_mfr_lar\bin\bin_x64\application.lib
c:\users\ranveer\desktop\file-exchange-projectv12.2\workspace_mfr_lar\bin\bin_x64\application.exp
c:\users\ranveer\desktop\file-exchange-projectv12.2\workspace_mfr_lar\src\simulation\application\x64\debug\vc142.pdb
c:\users\ranveer\desktop\file-exchange-projectv12.2\workspace_mfr_lar\src\simulation\application\x64\debug\vc142.idb
c:\users\ranveer\desktop\file-exchange-projectv12.2\workspace_mfr_lar\src\simulation\application\x64\debug\randomnumber.obj
c:\users\ranveer\desktop\file-exchange-projectv12.2\workspace_mfr_lar\src\simulation\application\x64\debug\multicast.obj
c:\users\ranveer\desktop\file-exchange-projectv12.2\workspace_mfr_lar\src\simulation\application\x64\debug\encryption.obj
c:\users\ranveer\desktop\file-exchange-projectv12.2\workspace_mfr_lar\src\simulation\application\x64\debug\emulation_application.obj
c:\users\ranveer\desktop\file-exchange-projectv12.2\workspace_mfr_lar\src\simulation\application\x64\debug\distribution.obj
c:\users\ranveer\desktop\file-exchange-projectv12.2\workspace_mfr_lar\src\simulation\application\x64\debug\des_run.obj
c:\users\ranveer\desktop\file-exchange-projectv12.2\workspace_mfr_lar\src\simulation\application\x64\debug\des.obj
c:\users\ranveer\desktop\file-exchange-projectv12.2\workspace_mfr_lar\src\simulation\application\x64\debug\database_ftp_custom.obj
c:\users\ranveer\desktop\file-exchange-projectv12.2\workspace_mfr_lar\src\simulation\application\x64\debug\coap.obj
c:\users\ranveer\desktop\file-exchange-projectv12.2\workspace_mfr_lar\src\simulation\application\x64\debug\bsm.obj
c:\users\ranveer\desktop\file-exchange-projectv12.2\workspace_mfr_lar\src\simulation\application\x64\debug\app_out.obj
c:\users\ranveer\desktop\file-exchange-projectv12.2\workspace_mfr_lar\src\simulation\application\x64\debug\application.obj
c:\users\ranveer\desktop\file-exchange-projectv12.2\workspace_mfr_lar\src\simulation\application\x64\debug\aes_run.obj
c:\users\ranveer\desktop\file-exchange-projectv12.2\workspace_mfr_lar\src\simulation\application\x64\debug\aes.obj
c:\users\ranveer\desktop\file-exchange-projectv12.2\workspace_mfr_lar\bin\bin_x64\libapplication.dll
c:\users\ranveer\desktop\file-exchange-projectv12.2\workspace_mfr_lar\bin\bin_x64\application.pdb
c:\users\ranveer\desktop\file-exchange-projectv12.2\workspace_mfr_lar\src\simulation\application\x64\debug\application.tlog\application.write.1u.tlog
c:\users\ranveer\desktop\file-exchange-projectv12.2\workspace_mfr_lar\src\simulation\application\x64\debug\application.tlog\cl.command.1.tlog
c:\users\ranveer\desktop\file-exchange-projectv12.2\workspace_mfr_lar\src\simulation\application\x64\debug\application.tlog\cl.read.1.tlog
c:\users\ranveer\desktop\file-exchange-projectv12.2\workspace_mfr_lar\src\simulation\application\x64\debug\application.tlog\cl.write.1.tlog
c:\users\ranveer\desktop\file-exchange-projectv12.2\workspace_mfr_lar\src\simulation\application\x64\debug\application.tlog\link.command.1.tlog
c:\users\ranveer\desktop\file-exchange-projectv12.2\workspace_mfr_lar\src\simulation\application\x64\debug\application.tlog\link.read.1.tlog
c:\users\ranveer\desktop\file-exchange-projectv12.2\workspace_mfr_lar\src\simulation\application\x64\debug\application.tlog\link.write.1.tlog
